<?xml version="1.0" encoding="UTF-8"?>
<!-- Generated by org.testng.reporters.JUnitXMLReporter -->
<testsuite hostname="RajaMini" ignored="0" name="Default test(failed)" tests="3" failures="1" timestamp="03 Jul 2017 19:36:06 GMT" time="0.141" errors="0">
  <testcase name="testLogin" time="0.031" classname="basic.depend"/>
  <testcase name="searchAccount" time="0.012" classname="basic.depend">
    <failure type="java.lang.AssertionError" message="Text does match expected [b] but found [a]">
      <![CDATA[java.lang.AssertionError: Text does match expected [b] but found [a]
	at basic.depend.searchAccount(depend.java:19)
... Removed 30 stack frames]]>
    </failure>
  </testcase> <!-- searchAccount -->
  <testcase name="testLogout" time="0.0" classname="basic.depend">
    <skipped/>
  </testcase> <!-- testLogout -->
</testsuite> <!-- Default test(failed) -->
