<?xml version="1.0" encoding="UTF-8"?>
<testng-results skipped="0" failed="0" ignored="0" total="2" passed="2">
  <reporter-output>
  </reporter-output>
  <suite name="Default suite" duration-ms="13383" started-at="2019-05-20T21:10:16Z" finished-at="2019-05-20T21:10:30Z">
    <groups>
    </groups>
    <test name="Default test" duration-ms="13383" started-at="2019-05-20T21:10:16Z" finished-at="2019-05-20T21:10:30Z">
      <class name="basic.sample">
        <test-method status="PASS" signature="clearingCache()[pri:0, instance:basic.sample@7c0e2abd]" name="clearingCache" is-config="true" duration-ms="27" started-at="2019-05-20T15:10:16Z" finished-at="2019-05-20T15:10:16Z">
          <reporter-output>
          </reporter-output>
        </test-method> <!-- clearingCache -->
        <test-method status="PASS" signature="testcase1()[pri:0, instance:basic.sample@7c0e2abd]" name="testcase1" duration-ms="13298" started-at="2019-05-20T15:10:16Z" finished-at="2019-05-20T15:10:30Z">
          <reporter-output>
          </reporter-output>
        </test-method> <!-- testcase1 -->
        <test-method status="PASS" signature="login()[pri:0, instance:basic.sample@7c0e2abd]" name="login" is-config="true" duration-ms="0" started-at="2019-05-20T15:10:16Z" finished-at="2019-05-20T15:10:16Z">
          <reporter-output>
          </reporter-output>
        </test-method> <!-- login -->
        <test-method status="PASS" signature="logout()[pri:0, instance:basic.sample@7c0e2abd]" name="logout" is-config="true" duration-ms="2" started-at="2019-05-20T15:10:30Z" finished-at="2019-05-20T15:10:30Z">
          <reporter-output>
          </reporter-output>
        </test-method> <!-- logout -->
        <test-method status="PASS" signature="testcase2()[pri:0, instance:basic.sample@7c0e2abd]" name="testcase2" duration-ms="4" started-at="2019-05-20T15:10:30Z" finished-at="2019-05-20T15:10:30Z">
          <reporter-output>
          </reporter-output>
        </test-method> <!-- testcase2 -->
        <test-method status="PASS" signature="login()[pri:0, instance:basic.sample@7c0e2abd]" name="login" is-config="true" duration-ms="0" started-at="2019-05-20T15:10:30Z" finished-at="2019-05-20T15:10:30Z">
          <reporter-output>
          </reporter-output>
        </test-method> <!-- login -->
        <test-method status="PASS" signature="logout()[pri:0, instance:basic.sample@7c0e2abd]" name="logout" is-config="true" duration-ms="1" started-at="2019-05-20T15:10:30Z" finished-at="2019-05-20T15:10:30Z">
          <reporter-output>
          </reporter-output>
        </test-method> <!-- logout -->
        <test-method status="PASS" signature="closingBrowser()[pri:0, instance:basic.sample@7c0e2abd]" name="closingBrowser" is-config="true" duration-ms="1" started-at="2019-05-20T15:10:30Z" finished-at="2019-05-20T15:10:30Z">
          <reporter-output>
          </reporter-output>
        </test-method> <!-- closingBrowser -->
      </class> <!-- basic.sample -->
    </test> <!-- Default test -->
  </suite> <!-- Default suite -->
</testng-results>
